2024.06.24 11:06:57 INFO  Started: Metals version 1.3.2 in folders 'C:\Users\HP\OneDrive\Documents\New folder (2)\Scala_Practical02' for client Visual Studio Code 1.90.2.
SLF4J(W): Class path contains multiple SLF4J providers.
SLF4J(W): Found provider [scribe.slf4j.ScribeServiceProvider@9114fab]
SLF4J(W): Found provider [ch.qos.logback.classic.spi.LogbackServiceProvider@2736a026]
SLF4J(W): See https://www.slf4j.org/codes.html#multiple_bindings for an explanation.
SLF4J(I): Actual provider is of type [scribe.slf4j.ScribeServiceProvider@9114fab]
2024.06.24 11:06:57 WARN  Flyway upgrade recommended: H2 2.2.224 is newer than this version of Flyway and support has not been tested. The latest supported version of H2 is 2.2.220.
2024.06.24 11:06:59 INFO  no build target found for C:\Users\HP\OneDrive\Documents\New folder (2)\Scala_Practical02\q1.scala. Using presentation compiler with project's scala-library version: 3.3.3
2024.06.24 11:07:23 INFO  no build target found for C:\Users\HP\OneDrive\Documents\New folder (2)\Scala_Practical02\q4.scala. Using presentation compiler with project's scala-library version: 3.3.3
Jun 24, 2024 11:07:27 AM org.eclipse.lsp4j.jsonrpc.services.GenericEndpoint notify
INFO: Unsupported notification method: $/setTrace
2024.06.24 11:07:39 INFO  no build target found for C:\Users\HP\OneDrive\Documents\New folder (2)\Scala_Practical02\q4.scala. Using presentation compiler with project's scala-library version: 3.3.3
2024.06.24 11:07:52 INFO  Running List(C:\Users\HP\AppData\Local\Coursier\data\bin\scala-cli.BAT, setup-ide, C:\Users\HP\OneDrive\Documents\New folder (2)\Scala_Practical02)
2024.06.24 11:07:52 INFO  Attempting to connect to the build server...
2024.06.24 11:07:52 INFO  Running BSP server List(C:\Users\HP\AppData\Local\Coursier\data\bin\.scala-cli.aux.exe, bsp, --json-options, C:\Users\HP\OneDrive\Documents\New folder (2)\Scala_Practical02\.scala-build\ide-options-v2.json, --json-launcher-options, C:\Users\HP\OneDrive\Documents\New folder (2)\Scala_Practical02\.scala-build\ide-launcher-options.json, --envs-file, C:\Users\HP\OneDrive\Documents\New folder (2)\Scala_Practical02\.scala-build\ide-envs.json, C:\Users\HP\OneDrive\Documents\New folder (2)\Scala_Practical02)
2024.06.24 11:07:52 INFO  tracing is disabled for protocol BSP, to enable tracing of incoming and outgoing JSON messages create an empty file at C:\Users\HP\OneDrive\Documents\New folder (2)\Scala_Practical02\.metals\bsp.trace.json or C:\Users\HP\AppData\Local\scalameta\metals\cache\bsp.trace.json
2024.06.24 11:07:55 INFO  time: Connected to build server in 3.13s
2024.06.24 11:07:55 INFO  Connected to Build server: scala-cli v1.3.2
2024.06.24 11:07:55 INFO  time: Imported build in 0.11s
2024.06.24 11:07:55 INFO  compiling scala_practical02_f4dd477a3a (4 scala sources)
2024.06.24 11:07:55 INFO  time: compiled Scala_Practical02_f4dd477a3a in 0.9s
2024.06.24 11:08:01 INFO  time: indexed workspace in 6.07s
2024.06.24 11:20:58 INFO  Shutting down server
2024.06.24 11:20:58 INFO  shutting down Metals
2024.06.24 11:20:58 INFO  Shut down connection with build server.
2024.06.24 11:20:58 INFO  Exiting server
